TN:
SF:src/App.tsx
FN:21,ProtectedRoute
FN:37,App
FNF:2
FNH:0
FNDA:0,ProtectedRoute
FNDA:0,App
DA:22,0
DA:23,0
DA:24,0
DA:26,0
DA:27,0
DA:30,0
DA:31,0
DA:34,0
DA:38,0
LF:9
LH:0
BRDA:24,0,0,0
BRDA:24,0,1,0
BRDA:26,1,0,0
BRDA:26,1,1,0
BRDA:26,2,0,0
BRDA:26,2,1,0
BRDA:30,3,0,0
BRDA:30,3,1,0
BRDA:30,4,0,0
BRDA:30,4,1,0
BRF:10
BRH:0
end_of_record
TN:
SF:src/components/Navbar.tsx
FN:4,Navbar
FN:6,(anonymous_1)
FN:7,(anonymous_2)
FN:14,(anonymous_3)
FN:15,(anonymous_4)
FN:22,(anonymous_5)
FN:27,(anonymous_6)
FN:29,(anonymous_7)
FN:36,(anonymous_8)
FN:41,(anonymous_9)
FN:50,(anonymous_10)
FN:51,(anonymous_11)
FN:168,(anonymous_12)
FNF:13
FNH:12
FNDA:23,Navbar
FNDA:18,(anonymous_1)
FNDA:18,(anonymous_2)
FNDA:18,(anonymous_3)
FNDA:0,(anonymous_4)
FNDA:18,(anonymous_5)
FNDA:23,(anonymous_6)
FNDA:1,(anonymous_7)
FNDA:4,(anonymous_8)
FNDA:1,(anonymous_9)
FNDA:4,(anonymous_10)
FNDA:1,(anonymous_11)
FNDA:1,(anonymous_12)
DA:5,23
DA:6,23
DA:7,23
DA:8,18
DA:9,18
DA:12,23
DA:14,23
DA:15,18
DA:16,0
DA:17,0
DA:18,0
DA:21,18
DA:22,18
DA:23,18
DA:27,23
DA:28,23
DA:29,4
DA:30,1
DA:31,1
DA:32,1
DA:35,4
DA:36,4
DA:37,4
DA:41,23
DA:42,1
DA:43,1
DA:44,1
DA:45,1
DA:46,1
DA:47,1
DA:50,23
DA:51,23
DA:53,23
DA:169,1
DA:170,1
LF:35
LH:32
BRDA:9,0,0,10
BRDA:9,0,1,8
BRDA:18,1,0,0
BRDA:18,1,1,0
BRDA:28,2,0,19
BRDA:28,2,1,4
BRDA:31,3,0,1
BRDA:31,3,1,0
BRDA:82,4,0,23
BRDA:82,4,1,14
BRDA:82,4,2,10
BRDA:87,5,0,23
BRDA:87,5,1,14
BRDA:87,5,2,4
BRDA:97,6,0,14
BRDA:97,6,1,9
BRDA:104,7,0,0
BRDA:104,7,1,14
BRDA:106,8,0,0
BRDA:106,8,1,0
BRDA:112,9,0,14
BRDA:112,9,1,0
BRDA:118,10,0,4
BRDA:118,10,1,10
BRDA:126,11,0,14
BRDA:126,11,1,4
BRDA:142,12,0,4
BRDA:142,12,1,3
BRDA:153,13,0,4
BRDA:153,13,1,1
BRF:30
BRH:23
end_of_record
TN:
SF:src/components/ui/button.tsx
FN:44,Button
FNF:1
FNH:1
FNDA:855,Button
DA:7,9
DA:54,855
DA:56,855
LF:3
LH:3
BRDA:46,0,0,855
BRDA:47,1,0,855
BRDA:48,2,0,855
BRDA:54,3,0,0
BRDA:54,3,1,855
BRF:5
BRH:4
end_of_record
TN:
SF:src/lib/api.ts
FN:11,(anonymous_0)
FN:18,(anonymous_1)
FN:23,(anonymous_2)
FN:24,(anonymous_3)
FNF:4
FNH:0
FNDA:0,(anonymous_0)
FNDA:0,(anonymous_1)
FNDA:0,(anonymous_2)
FNDA:0,(anonymous_3)
DA:3,0
DA:11,0
DA:13,0
DA:14,0
DA:15,0
DA:17,0
DA:19,0
DA:23,0
DA:24,0
DA:26,0
DA:27,0
LF:11
LH:0
BRDA:4,0,0,0
BRDA:4,0,1,0
BRDA:14,1,0,0
BRDA:14,1,1,0
BRDA:26,2,0,0
BRDA:26,2,1,0
BRF:6
BRH:0
end_of_record
TN:
SF:src/lib/utils.ts
FN:4,cn
FNF:1
FNH:1
FNDA:855,cn
DA:5,855
LF:1
LH:1
BRF:0
BRH:0
end_of_record
TN:
SF:src/pages/About.tsx
FN:3,About
FNF:1
FNH:1
FNDA:13,About
DA:4,13
LF:1
LH:1
BRF:0
BRH:0
end_of_record
TN:
SF:src/pages/AdminDashboard.tsx
FN:5,(anonymous_0)
FN:12,BookingCountdown
FN:15,(anonymous_2)
FN:16,(anonymous_3)
FN:43,(anonymous_4)
FN:103,AdminDashboard
FN:131,(anonymous_6)
FN:133,(anonymous_7)
FN:136,(anonymous_8)
FN:137,(anonymous_9)
FN:142,(anonymous_10)
FN:151,(anonymous_11)
FN:160,(anonymous_12)
FN:166,(anonymous_13)
FN:189,(anonymous_14)
FN:212,(anonymous_15)
FN:218,(anonymous_16)
FN:232,(anonymous_17)
FN:243,(anonymous_18)
FN:249,(anonymous_19)
FN:263,(anonymous_20)
FN:279,(anonymous_21)
FN:290,(anonymous_22)
FN:298,(anonymous_23)
FN:308,(anonymous_24)
FN:312,(anonymous_25)
FN:316,(anonymous_26)
FN:329,(anonymous_27)
FN:332,(anonymous_28)
FN:335,(anonymous_29)
FN:338,(anonymous_30)
FN:354,(anonymous_31)
FN:381,(anonymous_32)
FN:388,(anonymous_33)
FN:395,(anonymous_34)
FN:429,(anonymous_35)
FN:459,(anonymous_36)
FN:506,(anonymous_37)
FN:506,(anonymous_38)
FN:517,(anonymous_39)
FN:537,(anonymous_40)
FN:558,(anonymous_41)
FN:570,(anonymous_42)
FN:580,(anonymous_43)
FN:593,(anonymous_44)
FN:603,(anonymous_45)
FN:613,(anonymous_46)
FN:638,(anonymous_47)
FN:655,(anonymous_48)
FN:663,(anonymous_49)
FN:698,(anonymous_50)
FN:712,(anonymous_51)
FN:735,(anonymous_52)
FN:742,(anonymous_53)
FN:753,(anonymous_54)
FN:760,(anonymous_55)
FN:821,(anonymous_56)
FN:825,(anonymous_57)
FN:839,(anonymous_58)
FN:851,(anonymous_59)
FNF:60
FNH:24
FNDA:3,(anonymous_0)
FNDA:0,BookingCountdown
FNDA:0,(anonymous_2)
FNDA:0,(anonymous_3)
FNDA:0,(anonymous_4)
FNDA:34,AdminDashboard
FNDA:0,(anonymous_6)
FNDA:0,(anonymous_7)
FNDA:1,(anonymous_8)
FNDA:0,(anonymous_9)
FNDA:14,(anonymous_10)
FNDA:14,(anonymous_11)
FNDA:14,(anonymous_12)
FNDA:0,(anonymous_13)
FNDA:0,(anonymous_14)
FNDA:1,(anonymous_15)
FNDA:0,(anonymous_16)
FNDA:0,(anonymous_17)
FNDA:0,(anonymous_18)
FNDA:0,(anonymous_19)
FNDA:0,(anonymous_20)
FNDA:3,(anonymous_21)
FNDA:1,(anonymous_22)
FNDA:0,(anonymous_23)
FNDA:19,(anonymous_24)
FNDA:30,(anonymous_25)
FNDA:2,(anonymous_26)
FNDA:2,(anonymous_27)
FNDA:0,(anonymous_28)
FNDA:0,(anonymous_29)
FNDA:0,(anonymous_30)
FNDA:0,(anonymous_31)
FNDA:0,(anonymous_32)
FNDA:6,(anonymous_33)
FNDA:3,(anonymous_34)
FNDA:56,(anonymous_35)
FNDA:1,(anonymous_36)
FNDA:1,(anonymous_37)
FNDA:0,(anonymous_38)
FNDA:1,(anonymous_39)
FNDA:2,(anonymous_40)
FNDA:0,(anonymous_41)
FNDA:0,(anonymous_42)
FNDA:0,(anonymous_43)
FNDA:0,(anonymous_44)
FNDA:0,(anonymous_45)
FNDA:1,(anonymous_46)
FNDA:14,(anonymous_47)
FNDA:0,(anonymous_48)
FNDA:1,(anonymous_49)
FNDA:3,(anonymous_50)
FNDA:0,(anonymous_51)
FNDA:0,(anonymous_52)
FNDA:0,(anonymous_53)
FNDA:0,(anonymous_54)
FNDA:0,(anonymous_55)
FNDA:0,(anonymous_56)
FNDA:0,(anonymous_57)
FNDA:0,(anonymous_58)
FNDA:0,(anonymous_59)
DA:5,1
DA:6,3
DA:7,0
DA:8,0
DA:13,0
DA:15,0
DA:16,0
DA:17,0
DA:18,0
DA:19,0
DA:20,0
DA:22,0
DA:23,0
DA:25,0
DA:26,0
DA:27,0
DA:28,0
DA:29,0
DA:32,0
DA:33,0
DA:34,0
DA:36,0
DA:41,0
DA:42,0
DA:43,0
DA:46,0
DA:104,34
DA:107,34
DA:108,34
DA:109,34
DA:110,34
DA:111,34
DA:112,34
DA:113,34
DA:114,34
DA:117,34
DA:118,34
DA:119,34
DA:122,34
DA:123,34
DA:131,34
DA:132,0
DA:133,0
DA:136,34
DA:137,34
DA:140,34
DA:143,14
DA:144,14
DA:149,34
DA:152,14
DA:153,14
DA:158,34
DA:161,14
DA:162,14
DA:166,34
DA:167,0
DA:168,0
DA:169,0
DA:170,0
DA:177,0
DA:178,0
DA:179,0
DA:180,0
DA:181,0
DA:183,0
DA:185,0
DA:189,34
DA:190,0
DA:191,0
DA:192,0
DA:193,0
DA:194,0
DA:201,0
DA:202,0
DA:203,0
DA:204,0
DA:206,0
DA:208,0
DA:212,34
DA:213,1
DA:219,0
DA:220,0
DA:221,0
DA:222,0
DA:223,0
DA:224,0
DA:226,0
DA:232,34
DA:233,0
DA:234,0
DA:235,0
DA:236,0
DA:237,0
DA:239,0
DA:243,34
DA:244,0
DA:250,0
DA:251,0
DA:252,0
DA:253,0
DA:254,0
DA:255,0
DA:257,0
DA:263,34
DA:264,0
DA:265,0
DA:266,0
DA:267,0
DA:268,0
DA:269,0
DA:270,0
DA:271,0
DA:273,0
DA:275,0
DA:279,34
DA:280,3
DA:281,0
DA:282,0
DA:283,0
DA:284,0
DA:285,0
DA:286,0
DA:287,0
DA:290,34
DA:291,1
DA:292,1
DA:293,1
DA:294,1
DA:295,1
DA:298,34
DA:299,0
DA:300,0
DA:301,0
DA:302,0
DA:303,0
DA:304,0
DA:308,34
DA:309,19
DA:312,34
DA:313,30
DA:314,2
DA:316,2
DA:317,2
DA:318,2
DA:319,2
DA:322,2
DA:323,2
DA:324,0
DA:325,0
DA:329,2
DA:332,0
DA:335,34
DA:336,0
DA:337,0
DA:338,0
DA:352,0
DA:354,0
DA:357,0
DA:358,0
DA:359,0
DA:360,0
DA:361,0
DA:362,0
DA:363,0
DA:364,0
DA:365,0
DA:368,34
DA:381,0
DA:388,6
DA:395,3
DA:430,56
DA:460,1
DA:506,1
DA:507,0
DA:517,1
DA:537,2
DA:558,0
DA:570,0
DA:580,0
DA:593,0
DA:603,0
DA:614,1
DA:615,1
DA:616,1
DA:639,14
DA:655,0
DA:663,1
DA:699,3
DA:701,3
DA:712,0
DA:735,0
DA:742,0
DA:753,0
DA:761,0
DA:762,0
DA:822,0
DA:825,0
DA:840,0
DA:841,0
DA:851,0
LF:200
LH:72
BRDA:6,0,0,3
BRDA:6,0,1,0
BRDA:20,1,0,0
BRDA:20,1,1,0
BRDA:26,2,0,0
BRDA:26,2,1,0
BRDA:191,3,0,0
BRDA:191,3,1,0
BRDA:264,4,0,0
BRDA:264,4,1,0
BRDA:273,5,0,0
BRDA:273,5,1,0
BRDA:280,6,0,3
BRDA:280,6,1,0
BRDA:280,7,0,3
BRDA:280,7,1,0
BRDA:283,8,0,0
BRDA:283,8,1,0
BRDA:287,9,0,0
BRDA:287,9,1,0
BRDA:301,10,0,0
BRDA:301,10,1,0
BRDA:304,11,0,0
BRDA:304,11,1,0
BRDA:313,12,0,28
BRDA:313,12,1,2
BRDA:318,13,0,2
BRDA:318,13,1,0
BRDA:323,14,0,0
BRDA:323,14,1,2
BRDA:336,15,0,0
BRDA:336,15,1,0
BRDA:336,16,0,0
BRDA:336,16,1,0
BRDA:348,17,0,0
BRDA:348,17,1,0
BRDA:349,18,0,0
BRDA:349,18,1,0
BRDA:382,19,0,15
BRDA:382,19,1,19
BRDA:389,20,0,13
BRDA:389,20,1,21
BRDA:396,21,0,6
BRDA:396,21,1,28
BRDA:404,22,0,34
BRDA:404,22,1,15
BRDA:407,23,0,1
BRDA:407,23,1,14
BRDA:467,24,0,15
BRDA:467,24,1,14
BRDA:508,25,0,0
BRDA:508,25,1,0
BRDA:517,26,0,15
BRDA:517,26,1,1
BRDA:530,27,0,34
BRDA:530,27,1,13
BRDA:534,28,0,13
BRDA:534,28,1,11
BRDA:534,28,2,11
BRDA:546,29,0,13
BRDA:546,29,1,11
BRDA:546,29,2,2
BRDA:548,30,0,0
BRDA:548,30,1,2
BRDA:549,31,0,0
BRDA:549,31,1,2
BRDA:628,32,0,0
BRDA:628,32,1,2
BRDA:636,33,0,7
BRDA:636,33,1,6
BRDA:642,34,0,14
BRDA:642,34,1,14
BRDA:679,35,0,34
BRDA:679,35,1,6
BRDA:683,36,0,3
BRDA:683,36,1,3
BRDA:711,37,0,3
BRDA:711,37,1,0
BRDA:717,38,0,0
BRDA:717,38,1,3
BRDA:724,39,0,3
BRDA:724,39,1,0
BRDA:725,40,0,3
BRDA:725,40,1,0
BRDA:726,41,0,3
BRDA:726,41,1,0
BRDA:727,42,0,3
BRDA:727,42,1,3
BRDA:731,43,0,3
BRDA:731,43,1,3
BRDA:749,44,0,3
BRDA:749,44,1,0
BRDA:749,44,2,0
BRDA:749,44,3,0
BRDA:775,45,0,3
BRDA:775,45,1,0
BRDA:775,45,2,0
BRDA:783,46,0,3
BRDA:783,46,1,0
BRDA:799,47,0,34
BRDA:799,47,1,0
BRDA:812,48,0,0
BRDA:812,48,1,0
BRDA:827,49,0,0
BRDA:827,49,1,0
BRDA:862,50,0,0
BRDA:862,50,1,0
BRDA:870,51,0,34
BRDA:870,51,1,1
BRDA:898,52,0,34
BRDA:898,52,1,0
BRDA:901,53,0,0
BRDA:901,53,1,0
BRDA:905,54,0,0
BRDA:905,54,1,0
BRF:115
BRH:56
end_of_record
TN:
SF:src/pages/Catalog.tsx
FN:24,(anonymous_0)
FN:39,Catalog
FN:66,(anonymous_2)
FN:75,(anonymous_3)
FN:84,(anonymous_4)
FN:90,(anonymous_5)
FN:97,(anonymous_6)
FN:128,(anonymous_7)
FN:138,(anonymous_8)
FN:145,(anonymous_9)
FN:154,(anonymous_10)
FN:178,(anonymous_11)
FN:191,(anonymous_12)
FN:195,(anonymous_13)
FN:220,(anonymous_14)
FN:232,(anonymous_15)
FN:248,(anonymous_16)
FN:262,(anonymous_17)
FN:268,(anonymous_18)
FN:295,(anonymous_19)
FN:311,(anonymous_20)
FN:318,(anonymous_21)
FN:351,(anonymous_22)
FN:381,(anonymous_23)
FN:394,(anonymous_24)
FN:397,(anonymous_25)
FN:407,(anonymous_26)
FN:410,(anonymous_27)
FN:410,(anonymous_28)
FN:422,(anonymous_29)
FN:442,(anonymous_30)
FNF:31
FNH:19
FNDA:61,(anonymous_0)
FNDA:39,Catalog
FNDA:17,(anonymous_2)
FNDA:7,(anonymous_3)
FNDA:17,(anonymous_4)
FNDA:0,(anonymous_5)
FNDA:0,(anonymous_6)
FNDA:66,(anonymous_7)
FNDA:69,(anonymous_8)
FNDA:2,(anonymous_9)
FNDA:0,(anonymous_10)
FNDA:0,(anonymous_11)
FNDA:69,(anonymous_12)
FNDA:585,(anonymous_13)
FNDA:2,(anonymous_14)
FNDA:0,(anonymous_15)
FNDA:0,(anonymous_16)
FNDA:51,(anonymous_17)
FNDA:61,(anonymous_18)
FNDA:305,(anonymous_19)
FNDA:0,(anonymous_20)
FNDA:7,(anonymous_21)
FNDA:1,(anonymous_22)
FNDA:0,(anonymous_23)
FNDA:0,(anonymous_24)
FNDA:98,(anonymous_25)
FNDA:0,(anonymous_26)
FNDA:105,(anonymous_27)
FNDA:91,(anonymous_28)
FNDA:0,(anonymous_29)
FNDA:0,(anonymous_30)
DA:24,1
DA:25,61
DA:26,61
DA:27,20
DA:28,41
DA:29,20
DA:30,21
DA:31,21
DA:33,0
DA:35,61
DA:36,61
DA:40,39
DA:43,39
DA:44,39
DA:45,39
DA:48,39
DA:53,39
DA:54,39
DA:55,39
DA:56,39
DA:57,39
DA:58,39
DA:64,39
DA:67,17
DA:68,17
DA:73,39
DA:76,7
DA:77,7
DA:78,7
DA:84,39
DA:85,17
DA:86,0
DA:87,0
DA:89,0
DA:90,0
DA:91,0
DA:92,0
DA:93,0
DA:97,0
DA:98,0
DA:99,0
DA:100,0
DA:103,0
DA:104,0
DA:105,0
DA:106,0
DA:109,0
DA:110,0
DA:111,0
DA:112,0
DA:113,0
DA:116,0
DA:120,0
DA:121,0
DA:122,0
DA:123,0
DA:128,39
DA:129,66
DA:132,66
DA:133,66
DA:134,66
DA:135,66
DA:137,66
DA:139,69
DA:140,69
DA:141,69
DA:145,39
DA:146,2
DA:147,2
DA:148,2
DA:149,2
DA:150,2
DA:151,2
DA:154,39
DA:155,0
DA:156,0
DA:157,0
DA:159,0
DA:160,0
DA:161,0
DA:164,0
DA:166,0
DA:169,0
DA:176,0
DA:178,0
DA:179,0
DA:180,0
DA:183,0
DA:185,0
DA:191,39
DA:192,69
DA:195,39
DA:196,585
DA:197,585
DA:200,39
DA:220,2
DA:232,0
DA:248,0
DA:263,51
DA:269,61
DA:296,305
DA:311,0
DA:318,7
DA:351,1
DA:381,0
DA:394,0
DA:398,98
DA:407,0
DA:410,105
DA:411,91
DA:423,0
DA:442,0
LF:112
LH:63
BRDA:26,0,0,20
BRDA:26,0,1,41
BRDA:28,1,0,20
BRDA:28,1,1,21
BRDA:30,2,0,21
BRDA:30,2,1,0
BRDA:76,3,0,0
BRDA:76,3,1,7
BRDA:85,4,0,0
BRDA:85,4,1,17
BRDA:93,5,0,0
BRDA:93,5,1,0
BRDA:100,6,0,0
BRDA:100,6,1,0
BRDA:103,7,0,0
BRDA:103,7,1,0
BRDA:103,8,0,0
BRDA:103,8,1,0
BRDA:103,8,2,0
BRDA:103,8,3,0
BRDA:109,9,0,0
BRDA:109,9,1,0
BRDA:112,10,0,0
BRDA:112,10,1,0
BRDA:129,11,0,66
BRDA:129,11,1,5
BRDA:133,12,0,0
BRDA:133,12,1,66
BRDA:134,13,0,0
BRDA:134,13,1,66
BRDA:134,14,0,0
BRDA:134,14,1,0
BRDA:135,15,0,0
BRDA:135,15,1,66
BRDA:137,16,0,66
BRDA:137,16,1,61
BRDA:139,17,0,0
BRDA:139,17,1,69
BRDA:140,18,0,0
BRDA:140,18,1,69
BRDA:146,19,0,0
BRDA:146,19,1,2
BRDA:150,20,0,0
BRDA:150,20,1,2
BRDA:159,21,0,0
BRDA:159,21,1,0
BRDA:183,22,0,0
BRDA:183,22,1,0
BRDA:260,23,0,17
BRDA:260,23,1,22
BRDA:266,24,0,21
BRDA:266,24,1,1
BRDA:266,25,0,22
BRDA:266,25,1,22
BRDA:276,26,0,61
BRDA:276,26,1,61
BRDA:339,27,0,39
BRDA:339,27,1,7
BRDA:360,28,0,7
BRDA:360,28,1,0
BRDA:366,29,0,7
BRDA:366,29,1,0
BRDA:420,30,0,0
BRDA:420,30,1,7
BRDA:420,31,0,7
BRDA:420,31,1,0
BRDA:432,32,0,1
BRDA:432,32,1,6
BRDA:450,33,0,1
BRDA:450,33,1,1
BRDA:453,34,0,0
BRDA:453,34,1,1
BRF:72
BRH:37
end_of_record
TN:
SF:src/pages/Contacts.tsx
FN:5,Contacts
FN:11,(anonymous_1)
FN:17,(anonymous_2)
FN:115,(anonymous_3)
FN:129,(anonymous_4)
FN:145,(anonymous_5)
FNF:6
FNH:5
FNDA:186,Contacts
FNDA:1,(anonymous_1)
FNDA:0,(anonymous_2)
FNDA:28,(anonymous_3)
FNDA:42,(anonymous_4)
FNDA:107,(anonymous_5)
DA:6,186
DA:7,186
DA:8,186
DA:9,186
DA:11,186
DA:12,1
DA:13,1
DA:14,1
DA:15,1
DA:16,1
DA:17,1
DA:20,186
DA:115,28
DA:129,42
DA:145,107
LF:15
LH:15
BRDA:95,0,0,1
BRDA:95,0,1,185
BRF:2
BRH:2
end_of_record
TN:
SF:src/pages/Home.tsx
FN:24,(anonymous_0)
FN:39,Home
FN:62,(anonymous_2)
FN:71,(anonymous_3)
FN:80,(anonymous_4)
FN:86,(anonymous_5)
FN:93,(anonymous_6)
FN:124,(anonymous_7)
FN:133,(anonymous_8)
FN:157,(anonymous_9)
FN:171,(anonymous_10)
FN:175,(anonymous_11)
FN:198,(anonymous_12)
FN:231,(anonymous_13)
FN:238,(anonymous_14)
FN:241,(anonymous_15)
FN:266,(anonymous_16)
FN:282,(anonymous_17)
FN:292,(anonymous_18)
FN:310,(anonymous_19)
FN:429,(anonymous_20)
FN:457,(anonymous_21)
FN:470,(anonymous_22)
FN:473,(anonymous_23)
FN:483,(anonymous_24)
FN:486,(anonymous_25)
FN:486,(anonymous_26)
FN:498,(anonymous_27)
FN:520,(anonymous_28)
FNF:29
FNH:16
FNDA:30,(anonymous_0)
FNDA:26,Home
FNDA:10,(anonymous_2)
FNDA:7,(anonymous_3)
FNDA:10,(anonymous_4)
FNDA:0,(anonymous_5)
FNDA:0,(anonymous_6)
FNDA:2,(anonymous_7)
FNDA:0,(anonymous_8)
FNDA:0,(anonymous_9)
FNDA:38,(anonymous_10)
FNDA:390,(anonymous_11)
FNDA:0,(anonymous_12)
FNDA:30,(anonymous_13)
FNDA:30,(anonymous_14)
FNDA:0,(anonymous_15)
FNDA:150,(anonymous_16)
FNDA:0,(anonymous_17)
FNDA:7,(anonymous_18)
FNDA:0,(anonymous_19)
FNDA:1,(anonymous_20)
FNDA:0,(anonymous_21)
FNDA:0,(anonymous_22)
FNDA:98,(anonymous_23)
FNDA:0,(anonymous_24)
FNDA:105,(anonymous_25)
FNDA:91,(anonymous_26)
FNDA:0,(anonymous_27)
FNDA:0,(anonymous_28)
DA:24,1
DA:25,30
DA:26,30
DA:27,0
DA:28,30
DA:29,15
DA:30,15
DA:31,15
DA:33,0
DA:35,30
DA:36,30
DA:40,26
DA:41,26
DA:44,26
DA:49,26
DA:50,26
DA:51,26
DA:52,26
DA:53,26
DA:54,26
DA:60,26
DA:63,10
DA:64,10
DA:69,26
DA:72,7
DA:73,7
DA:74,7
DA:80,26
DA:81,10
DA:82,0
DA:83,0
DA:85,0
DA:86,0
DA:87,0
DA:88,0
DA:89,0
DA:93,0
DA:94,0
DA:95,0
DA:96,0
DA:99,0
DA:100,0
DA:101,0
DA:102,0
DA:105,0
DA:106,0
DA:107,0
DA:108,0
DA:109,0
DA:112,0
DA:116,0
DA:117,0
DA:118,0
DA:119,0
DA:124,26
DA:125,2
DA:126,2
DA:127,2
DA:128,2
DA:129,2
DA:130,2
DA:133,26
DA:134,0
DA:135,0
DA:136,0
DA:138,0
DA:139,0
DA:140,0
DA:143,0
DA:145,0
DA:148,0
DA:155,0
DA:157,0
DA:158,0
DA:159,0
DA:162,0
DA:164,0
DA:171,26
DA:172,38
DA:175,26
DA:176,390
DA:177,390
DA:180,26
DA:198,0
DA:232,30
DA:239,30
DA:241,0
DA:267,150
DA:283,0
DA:284,0
DA:293,7
DA:294,7
DA:310,0
DA:429,1
DA:457,0
DA:470,0
DA:474,98
DA:483,0
DA:486,105
DA:487,91
DA:499,0
DA:520,0
LF:102
LH:50
BRDA:26,0,0,0
BRDA:26,0,1,30
BRDA:28,1,0,15
BRDA:28,1,1,15
BRDA:30,2,0,15
BRDA:30,2,1,0
BRDA:72,3,0,0
BRDA:72,3,1,7
BRDA:81,4,0,0
BRDA:81,4,1,10
BRDA:89,5,0,0
BRDA:89,5,1,0
BRDA:96,6,0,0
BRDA:96,6,1,0
BRDA:99,7,0,0
BRDA:99,7,1,0
BRDA:99,8,0,0
BRDA:99,8,1,0
BRDA:99,8,2,0
BRDA:99,8,3,0
BRDA:105,9,0,0
BRDA:105,9,1,0
BRDA:108,10,0,0
BRDA:108,10,1,0
BRDA:125,11,0,0
BRDA:125,11,1,2
BRDA:129,12,0,0
BRDA:129,12,1,2
BRDA:138,13,0,0
BRDA:138,13,1,0
BRDA:162,14,0,0
BRDA:162,14,1,0
BRDA:225,15,0,15
BRDA:225,15,1,11
BRDA:225,16,0,26
BRDA:225,16,1,11
BRDA:229,17,0,10
BRDA:229,17,1,16
BRDA:247,18,0,30
BRDA:247,18,1,30
BRDA:417,19,0,26
BRDA:417,19,1,7
BRDA:438,20,0,7
BRDA:438,20,1,0
BRDA:443,21,0,7
BRDA:443,21,1,0
BRDA:496,22,0,0
BRDA:496,22,1,7
BRDA:496,23,0,7
BRDA:496,23,1,0
BRDA:510,24,0,1
BRDA:510,24,1,6
BRDA:528,25,0,1
BRDA:528,25,1,1
BRDA:531,26,0,0
BRDA:531,26,1,1
BRF:56
BRH:27
end_of_record
TN:
SF:src/pages/Login.tsx
FN:19,Login
FN:26,(anonymous_1)
FN:87,(anonymous_2)
FN:106,(anonymous_3)
FN:129,(anonymous_4)
FN:134,(anonymous_5)
FNF:6
FNH:6
FNDA:170,Login
FNDA:3,(anonymous_1)
FNDA:98,(anonymous_2)
FNDA:48,(anonymous_3)
FNDA:340,(anonymous_4)
FNDA:1,(anonymous_5)
DA:6,1
DA:20,170
DA:21,170
DA:22,170
DA:23,170
DA:24,170
DA:26,170
DA:27,3
DA:28,3
DA:29,3
DA:31,3
DA:32,3
DA:33,1
DA:35,1
DA:36,1
DA:38,1
DA:39,0
DA:41,1
DA:44,1
DA:46,1
DA:48,2
DA:52,170
DA:87,98
DA:106,48
DA:130,340
DA:135,1
DA:136,1
LF:27
LH:26
BRDA:9,0,0,1
BRDA:9,0,1,0
BRDA:10,1,0,1
BRDA:10,1,1,0
BRDA:14,2,0,1
BRDA:14,2,1,0
BRDA:15,3,0,1
BRDA:15,3,1,0
BRDA:38,4,0,0
BRDA:38,4,1,1
BRDA:46,5,0,1
BRDA:46,5,1,0
BRDA:69,6,0,170
BRDA:69,6,1,1
BRDA:120,7,0,3
BRDA:120,7,1,167
BRF:16
BRH:10
end_of_record
TN:
SF:src/pages/MyBookings.tsx
FN:7,BookingCountdown
FN:10,(anonymous_1)
FN:11,(anonymous_2)
FN:38,(anonymous_3)
FN:67,(anonymous_4)
FN:76,(anonymous_5)
FN:77,(anonymous_6)
FN:87,(anonymous_7)
FN:88,(anonymous_8)
FN:101,MyBookings
FN:108,(anonymous_10)
FN:110,(anonymous_11)
FN:115,(anonymous_12)
FN:116,(anonymous_13)
FN:121,(anonymous_14)
FN:127,(anonymous_15)
FN:148,onSuccess
FN:158,onPending
FN:168,onError
FN:172,onClose
FN:187,(anonymous_20)
FN:202,(anonymous_21)
FN:208,(anonymous_22)
FN:223,(anonymous_23)
FN:225,(anonymous_24)
FN:232,(anonymous_25)
FN:241,(anonymous_26)
FN:245,(anonymous_27)
FN:258,(anonymous_28)
FN:280,(anonymous_29)
FN:286,(anonymous_30)
FN:321,(anonymous_31)
FN:346,(anonymous_32)
FN:356,(anonymous_33)
FN:373,(anonymous_34)
FN:405,(anonymous_35)
FNF:36
FNH:17
FNDA:0,BookingCountdown
FNDA:0,(anonymous_1)
FNDA:0,(anonymous_2)
FNDA:0,(anonymous_3)
FNDA:57,(anonymous_4)
FNDA:0,(anonymous_5)
FNDA:0,(anonymous_6)
FNDA:0,(anonymous_7)
FNDA:0,(anonymous_8)
FNDA:25,MyBookings
FNDA:0,(anonymous_10)
FNDA:0,(anonymous_11)
FNDA:2,(anonymous_12)
FNDA:1,(anonymous_13)
FNDA:10,(anonymous_14)
FNDA:1,(anonymous_15)
FNDA:0,onSuccess
FNDA:0,onPending
FNDA:0,onError
FNDA:0,onClose
FNDA:0,(anonymous_20)
FNDA:2,(anonymous_21)
FNDA:0,(anonymous_22)
FNDA:56,(anonymous_23)
FNDA:28,(anonymous_24)
FNDA:28,(anonymous_25)
FNDA:29,(anonymous_26)
FNDA:28,(anonymous_27)
FNDA:28,(anonymous_28)
FNDA:20,(anonymous_29)
FNDA:28,(anonymous_30)
FNDA:0,(anonymous_31)
FNDA:1,(anonymous_32)
FNDA:2,(anonymous_33)
FNDA:0,(anonymous_34)
FNDA:0,(anonymous_35)
DA:8,0
DA:10,0
DA:11,0
DA:12,0
DA:13,0
DA:14,0
DA:15,0
DA:17,0
DA:18,0
DA:20,0
DA:21,0
DA:22,0
DA:23,0
DA:24,0
DA:27,0
DA:28,0
DA:29,0
DA:31,0
DA:36,0
DA:37,0
DA:38,0
DA:41,0
DA:67,1
DA:68,57
DA:69,0
DA:70,0
DA:71,0
DA:72,0
DA:73,0
DA:76,1
DA:77,0
DA:78,0
DA:79,0
DA:80,0
DA:82,0
DA:83,0
DA:86,0
DA:87,0
DA:88,0
DA:89,0
DA:102,25
DA:103,25
DA:104,25
DA:105,25
DA:106,25
DA:108,25
DA:109,0
DA:110,0
DA:111,0
DA:115,25
DA:116,25
DA:119,25
DA:122,10
DA:123,10
DA:127,25
DA:128,1
DA:129,1
DA:130,1
DA:131,1
DA:133,1
DA:134,1
DA:136,1
DA:137,1
DA:139,0
DA:140,0
DA:141,0
DA:142,0
DA:145,0
DA:146,0
DA:147,0
DA:149,0
DA:150,0
DA:151,0
DA:152,0
DA:154,0
DA:156,0
DA:159,0
DA:160,0
DA:161,0
DA:162,0
DA:164,0
DA:166,0
DA:169,0
DA:170,0
DA:173,0
DA:177,0
DA:181,0
DA:183,1
DA:187,25
DA:188,0
DA:189,0
DA:190,0
DA:191,0
DA:192,0
DA:193,0
DA:194,0
DA:196,0
DA:198,0
DA:202,25
DA:203,2
DA:209,0
DA:210,0
DA:211,0
DA:212,0
DA:213,0
DA:215,0
DA:223,25
DA:224,56
DA:225,28
DA:226,28
DA:227,28
DA:229,28
DA:232,25
DA:233,28
DA:234,0
DA:235,0
DA:236,0
DA:237,0
DA:238,0
DA:241,25
DA:242,29
DA:245,25
DA:246,28
DA:248,14
DA:250,0
DA:252,0
DA:254,14
DA:258,25
DA:259,28
DA:260,14
DA:261,14
DA:262,0
DA:263,14
DA:264,0
DA:266,14
DA:270,25
DA:281,20
DA:287,28
DA:288,28
DA:289,28
DA:290,28
DA:291,28
DA:293,28
DA:321,0
DA:346,1
DA:356,2
DA:373,0
DA:405,0
LF:148
LH:57
BRDA:15,0,0,0
BRDA:15,0,1,0
BRDA:21,1,0,0
BRDA:21,1,1,0
BRDA:68,2,0,57
BRDA:68,2,1,0
BRDA:78,3,0,0
BRDA:78,3,1,0
BRDA:83,4,0,0
BRDA:83,4,1,0
BRDA:136,5,0,1
BRDA:136,5,1,0
BRDA:140,6,0,0
BRDA:140,6,1,0
BRDA:146,7,0,0
BRDA:146,7,1,0
BRDA:181,8,0,0
BRDA:181,8,1,0
BRDA:188,9,0,0
BRDA:188,9,1,0
BRDA:215,10,0,0
BRDA:215,10,1,0
BRDA:224,11,0,28
BRDA:224,11,1,28
BRDA:224,12,0,56
BRDA:224,12,1,28
BRDA:233,13,0,28
BRDA:233,13,1,0
BRDA:238,14,0,0
BRDA:238,14,1,0
BRDA:246,15,0,14
BRDA:246,15,1,0
BRDA:246,15,2,0
BRDA:246,15,3,14
BRDA:259,16,0,14
BRDA:259,16,1,14
BRDA:261,17,0,0
BRDA:261,17,1,14
BRDA:263,18,0,0
BRDA:263,18,1,14
BRDA:278,19,0,10
BRDA:278,19,1,15
BRDA:284,20,0,14
BRDA:284,20,1,1
BRDA:284,21,0,15
BRDA:284,21,1,15
BRDA:289,22,0,28
BRDA:289,22,1,28
BRDA:289,22,2,28
BRDA:296,23,0,0
BRDA:296,23,1,28
BRDA:301,24,0,28
BRDA:301,24,1,28
BRDA:309,25,0,28
BRDA:309,25,1,0
BRDA:320,26,0,28
BRDA:320,26,1,0
BRDA:343,27,0,28
BRDA:343,27,1,14
BRDA:350,28,0,1
BRDA:350,28,1,13
BRDA:353,29,0,28
BRDA:353,29,1,14
BRDA:353,29,2,28
BRDA:353,29,3,14
BRDA:383,30,0,25
BRDA:383,30,1,1
BRDA:416,31,0,0
BRDA:416,31,1,1
BRDA:425,32,0,25
BRDA:425,32,1,2
BRDA:453,33,0,25
BRDA:453,33,1,0
BRDA:456,34,0,0
BRDA:456,34,1,0
BRDA:460,35,0,0
BRDA:460,35,1,0
BRF:77
BRH:41
end_of_record
TN:
SF:src/pages/Profile.tsx
FN:15,Profile
FN:33,(anonymous_1)
FN:35,(anonymous_2)
FN:39,(anonymous_3)
FN:48,(anonymous_4)
FN:56,(anonymous_5)
FN:63,(anonymous_6)
FN:87,(anonymous_7)
FN:112,(anonymous_8)
FN:146,(anonymous_9)
FN:224,(anonymous_10)
FN:235,(anonymous_11)
FN:268,(anonymous_12)
FN:281,(anonymous_13)
FN:292,(anonymous_14)
FNF:15
FNH:5
FNDA:47,Profile
FNDA:0,(anonymous_1)
FNDA:0,(anonymous_2)
FNDA:19,(anonymous_3)
FNDA:19,(anonymous_4)
FNDA:22,(anonymous_5)
FNDA:0,(anonymous_6)
FNDA:0,(anonymous_7)
FNDA:0,(anonymous_8)
FNDA:0,(anonymous_9)
FNDA:22,(anonymous_10)
FNDA:0,(anonymous_11)
FNDA:0,(anonymous_12)
FNDA:0,(anonymous_13)
FNDA:0,(anonymous_14)
DA:16,47
DA:19,47
DA:20,47
DA:23,47
DA:24,47
DA:25,47
DA:28,47
DA:29,47
DA:30,47
DA:31,47
DA:33,47
DA:34,0
DA:35,0
DA:39,47
DA:40,19
DA:41,0
DA:46,47
DA:49,19
DA:50,19
DA:56,47
DA:57,22
DA:58,3
DA:59,3
DA:63,47
DA:64,0
DA:65,0
DA:66,0
DA:67,0
DA:70,0
DA:71,0
DA:72,0
DA:74,0
DA:75,0
DA:76,0
DA:78,0
DA:79,0
DA:81,0
DA:83,0
DA:87,47
DA:88,0
DA:89,0
DA:90,0
DA:91,0
DA:93,0
DA:94,0
DA:95,0
DA:98,0
DA:99,0
DA:100,0
DA:101,0
DA:102,0
DA:103,0
DA:104,0
DA:106,0
DA:108,0
DA:112,47
DA:113,0
DA:114,0
DA:116,0
DA:117,0
DA:118,0
DA:120,0
DA:121,0
DA:122,0
DA:129,0
DA:130,0
DA:131,0
DA:132,0
DA:133,0
DA:135,0
DA:137,0
DA:138,0
DA:140,0
DA:142,0
DA:146,47
DA:147,0
DA:148,0
DA:149,0
DA:152,47
DA:224,22
DA:235,0
DA:268,0
DA:281,0
DA:292,0
LF:84
LH:26
BRDA:40,0,0,0
BRDA:40,0,1,19
BRDA:57,1,0,3
BRDA:57,1,1,19
BRDA:65,2,0,0
BRDA:65,2,1,0
BRDA:65,3,0,0
BRDA:65,3,1,0
BRDA:81,4,0,0
BRDA:81,4,1,0
BRDA:89,5,0,0
BRDA:89,5,1,0
BRDA:89,6,0,0
BRDA:89,6,1,0
BRDA:93,7,0,0
BRDA:93,7,1,0
BRDA:106,8,0,0
BRDA:106,8,1,0
BRDA:114,9,0,0
BRDA:114,9,1,0
BRDA:114,10,0,0
BRDA:114,10,1,0
BRDA:130,11,0,0
BRDA:130,11,1,0
BRDA:140,12,0,0
BRDA:140,12,1,0
BRDA:147,13,0,0
BRDA:147,13,1,0
BRDA:148,14,0,0
BRDA:148,14,1,0
BRDA:166,15,0,0
BRDA:166,15,1,47
BRDA:174,16,0,28
BRDA:174,16,1,19
BRDA:248,17,0,0
BRDA:248,17,1,47
BRDA:305,18,0,0
BRDA:305,18,1,47
BRDA:316,19,0,47
BRDA:316,19,1,0
BRDA:319,20,0,0
BRDA:319,20,1,0
BRDA:323,21,0,0
BRDA:323,21,1,0
BRF:44
BRH:9
end_of_record
TN:
SF:src/pages/Register.tsx
FN:6,Register
FN:14,(anonymous_1)
FN:70,(anonymous_2)
FN:88,(anonymous_3)
FN:106,(anonymous_4)
FNF:5
FNH:5
FNDA:241,Register
FNDA:3,(anonymous_1)
FNDA:68,(anonymous_2)
FNDA:103,(anonymous_3)
FNDA:48,(anonymous_4)
DA:7,241
DA:8,241
DA:9,241
DA:10,241
DA:11,241
DA:12,241
DA:14,241
DA:15,3
DA:16,3
DA:17,3
DA:19,3
DA:20,3
DA:21,1
DA:23,1
DA:24,1
DA:26,1
DA:28,1
DA:30,2
DA:32,3
DA:36,241
DA:70,68
DA:88,103
DA:106,48
LF:23
LH:23
BRDA:30,0,0,2
BRDA:30,0,1,1
BRDA:53,1,0,241
BRDA:53,1,1,2
BRDA:120,2,0,3
BRDA:120,2,1,238
BRF:6
BRH:6
end_of_record
TN:
SF:src/pages/RoomDetail.tsx
FN:23,(anonymous_0)
FN:38,RoomDetail
FN:55,(anonymous_2)
FN:65,(anonymous_3)
FN:74,(anonymous_4)
FN:80,(anonymous_5)
FN:87,(anonymous_6)
FN:118,(anonymous_7)
FN:127,(anonymous_8)
FN:151,(anonymous_9)
FN:161,(anonymous_10)
FN:165,(anonymous_11)
FN:239,(anonymous_12)
FN:293,(anonymous_13)
FN:309,(anonymous_14)
FN:312,(anonymous_15)
FN:325,(anonymous_16)
FN:328,(anonymous_17)
FN:328,(anonymous_18)
FN:341,(anonymous_19)
FNF:20
FNH:12
FNDA:16,(anonymous_0)
FNDA:24,RoomDetail
FNDA:8,(anonymous_2)
FNDA:8,(anonymous_3)
FNDA:16,(anonymous_4)
FNDA:0,(anonymous_5)
FNDA:0,(anonymous_6)
FNDA:4,(anonymous_7)
FNDA:0,(anonymous_8)
FNDA:0,(anonymous_9)
FNDA:18,(anonymous_10)
FNDA:360,(anonymous_11)
FNDA:80,(anonymous_12)
FNDA:0,(anonymous_13)
FNDA:0,(anonymous_14)
FNDA:224,(anonymous_15)
FNDA:0,(anonymous_16)
FNDA:240,(anonymous_17)
FNDA:208,(anonymous_18)
FNDA:0,(anonymous_19)
DA:23,1
DA:24,16
DA:25,16
DA:26,10
DA:27,6
DA:28,2
DA:29,4
DA:30,0
DA:32,4
DA:34,16
DA:35,16
DA:39,24
DA:40,24
DA:43,24
DA:44,24
DA:45,24
DA:46,24
DA:47,24
DA:48,24
DA:53,24
DA:56,8
DA:57,8
DA:63,24
DA:66,8
DA:67,8
DA:68,8
DA:74,24
DA:75,16
DA:76,8
DA:77,8
DA:79,8
DA:80,8
DA:81,0
DA:82,0
DA:83,0
DA:87,8
DA:88,0
DA:89,0
DA:90,0
DA:93,8
DA:94,0
DA:95,0
DA:96,0
DA:99,8
DA:100,0
DA:101,0
DA:102,0
DA:103,0
DA:106,8
DA:110,8
DA:111,8
DA:112,8
DA:113,8
DA:118,24
DA:119,4
DA:120,4
DA:121,4
DA:122,4
DA:123,4
DA:124,4
DA:127,24
DA:128,0
DA:129,0
DA:130,0
DA:132,0
DA:133,0
DA:134,0
DA:137,0
DA:139,0
DA:142,0
DA:149,0
DA:151,0
DA:152,0
DA:155,0
DA:157,0
DA:161,24
DA:162,18
DA:165,24
DA:166,360
DA:167,360
DA:170,24
DA:171,8
DA:181,16
DA:182,0
DA:198,16
DA:240,80
DA:293,0
DA:309,0
DA:313,224
DA:325,0
DA:328,240
DA:329,208
DA:342,0
LF:93
LH:60
BRDA:25,0,0,10
BRDA:25,0,1,6
BRDA:27,1,0,2
BRDA:27,1,1,4
BRDA:29,2,0,0
BRDA:29,2,1,4
BRDA:66,3,0,0
BRDA:66,3,1,8
BRDA:75,4,0,8
BRDA:75,4,1,8
BRDA:83,5,0,0
BRDA:83,5,1,0
BRDA:90,6,0,0
BRDA:90,6,1,0
BRDA:93,7,0,0
BRDA:93,7,1,8
BRDA:93,8,0,8
BRDA:93,8,1,0
BRDA:93,8,2,0
BRDA:93,8,3,0
BRDA:99,9,0,0
BRDA:99,9,1,8
BRDA:102,10,0,0
BRDA:102,10,1,0
BRDA:119,11,0,0
BRDA:119,11,1,4
BRDA:123,12,0,0
BRDA:123,12,1,4
BRDA:132,13,0,0
BRDA:132,13,1,0
BRDA:155,14,0,0
BRDA:155,14,1,0
BRDA:170,15,0,8
BRDA:170,15,1,16
BRDA:181,16,0,0
BRDA:181,16,1,16
BRDA:181,17,0,16
BRDA:181,17,1,16
BRDA:214,18,0,16
BRDA:214,18,1,16
BRDA:270,19,0,24
BRDA:270,19,1,0
BRDA:276,20,0,24
BRDA:276,20,1,0
BRDA:339,21,0,0
BRDA:339,21,1,16
BRDA:339,22,0,24
BRDA:339,22,1,16
BRDA:353,23,0,2
BRDA:353,23,1,14
BRDA:372,24,0,2
BRDA:372,24,1,2
BRDA:375,25,0,0
BRDA:375,25,1,2
BRF:54
BRH:30
end_of_record
